  lab 2 03.03.24.cpp
D:\projects\projects university\projects BSU\Assembler\lab 2 03.03.24\lab 2 03.03.24\lab 2 03.03.24.cpp(19,5): error C4235: использовано нестандартное расширение: ключевое слово "__asm" данной архитектурой не поддерживается
D:\projects\projects university\projects BSU\Assembler\lab 2 03.03.24\lab 2 03.03.24\lab 2 03.03.24.cpp(20,9): error C2065: mov: необъявленный идентификатор
D:\projects\projects university\projects BSU\Assembler\lab 2 03.03.24\lab 2 03.03.24\lab 2 03.03.24.cpp(20,13): error C2146: синтаксическая ошибка: отсутствие ";" перед идентификатором "ecx"
D:\projects\projects university\projects BSU\Assembler\lab 2 03.03.24\lab 2 03.03.24\lab 2 03.03.24.cpp(20,13): error C2065: ecx: необъявленный идентификатор
D:\projects\projects university\projects BSU\Assembler\lab 2 03.03.24\lab 2 03.03.24\lab 2 03.03.24.cpp(21,9): error C2146: синтаксическая ошибка: отсутствие ";" перед идентификатором "sub"
D:\projects\projects university\projects BSU\Assembler\lab 2 03.03.24\lab 2 03.03.24\lab 2 03.03.24.cpp(21,9): error C2065: sub: необъявленный идентификатор
D:\projects\projects university\projects BSU\Assembler\lab 2 03.03.24\lab 2 03.03.24\lab 2 03.03.24.cpp(21,13): error C2146: синтаксическая ошибка: отсутствие ";" перед идентификатором "ecx"
D:\projects\projects university\projects BSU\Assembler\lab 2 03.03.24\lab 2 03.03.24\lab 2 03.03.24.cpp(21,13): error C2065: ecx: необъявленный идентификатор
D:\projects\projects university\projects BSU\Assembler\lab 2 03.03.24\lab 2 03.03.24\lab 2 03.03.24.cpp(22,9): error C2146: синтаксическая ошибка: отсутствие ";" перед идентификатором "mov"
D:\projects\projects university\projects BSU\Assembler\lab 2 03.03.24\lab 2 03.03.24\lab 2 03.03.24.cpp(22,9): error C2065: mov: необъявленный идентификатор
D:\projects\projects university\projects BSU\Assembler\lab 2 03.03.24\lab 2 03.03.24\lab 2 03.03.24.cpp(22,13): error C2146: синтаксическая ошибка: отсутствие ";" перед идентификатором "eax"
D:\projects\projects university\projects BSU\Assembler\lab 2 03.03.24\lab 2 03.03.24\lab 2 03.03.24.cpp(22,13): error C2065: eax: необъявленный идентификатор
D:\projects\projects university\projects BSU\Assembler\lab 2 03.03.24\lab 2 03.03.24\lab 2 03.03.24.cpp(23,9): error C2146: синтаксическая ошибка: отсутствие ";" перед идентификатором "mov"
D:\projects\projects university\projects BSU\Assembler\lab 2 03.03.24\lab 2 03.03.24\lab 2 03.03.24.cpp(23,9): error C2065: mov: необъявленный идентификатор
D:\projects\projects university\projects BSU\Assembler\lab 2 03.03.24\lab 2 03.03.24\lab 2 03.03.24.cpp(23,13): error C2146: синтаксическая ошибка: отсутствие ";" перед идентификатором "edx"
D:\projects\projects university\projects BSU\Assembler\lab 2 03.03.24\lab 2 03.03.24\lab 2 03.03.24.cpp(23,13): error C2065: edx: необъявленный идентификатор
D:\projects\projects university\projects BSU\Assembler\lab 2 03.03.24\lab 2 03.03.24\lab 2 03.03.24.cpp(23,23): error C2760: синтаксическая ошибка: непредвиденный элемент "+". Ожидается ","
D:\projects\projects university\projects BSU\Assembler\lab 2 03.03.24\lab 2 03.03.24\lab 2 03.03.24.cpp(23,25): error C2065: ecx: необъявленный идентификатор
D:\projects\projects university\projects BSU\Assembler\lab 2 03.03.24\lab 2 03.03.24\lab 2 03.03.24.cpp(23,32): error C2059: синтаксическая ошибка: ]
